# JRE version: OpenJDK Runtime Environment (17.0.11) (build 17.0.11+0--11852314)
# Java VM: OpenJDK 64-Bit Server VM (17.0.11+0--11852314, mixed mode, tiered, compressed oops, compressed class ptrs, g1 gc, windows-amd64)
GC Precious Log:
 CPUs: 20 total, 20 available
 Memory: 24243M
 Large Page Support: Disabled
 NUMA Support: Disabled
 Compressed Oops: Enabled (32-bit)
 Heap Region Size: 1M
 Heap Min Capacity: 8M
 Heap Initial Capacity: 380M
 Heap Max Capacity: 2G
 Pre-touch: Disabled
 Parallel Workers: 15
 Concurrent Workers: 4
 Concurrent Refinement Workers: 15
 Periodic GC: Disabled
Heap:
 garbage-first heap   total 342016K, used 163601K [0x0000000080000000, 0x0000000100000000)
  region size 1024K, 12 young (12288K), 12 survivors (12288K)
 Metaspace       used 179322K, committed 181248K, reserved 1245184K
  class space    used 23880K, committed 24832K, reserved 1048576K
GC Heap History (20 events):
Event: 18565.668 GC heap after
{Heap after GC invocations=103 (full 4):
 garbage-first heap   total 342016K, used 140023K [0x0000000080000000, 0x0000000100000000)
  region size 1024K, 2 young (2048K), 2 survivors (2048K)
 Metaspace       used 179059K, committed 181056K, reserved 1245184K
  class space    used 23862K, committed 24832K, reserved 1048576K
}
Event: 18565.738 GC heap before
{Heap before GC invocations=103 (full 4):
 garbage-first heap   total 342016K, used 160503K [0x0000000080000000, 0x0000000100000000)
  region size 1024K, 24 young (24576K), 2 survivors (2048K)
 Metaspace       used 179060K, committed 181056K, reserved 1245184K
  class space    used 23862K, committed 24832K, reserved 1048576K
}
Event: 18565.740 GC heap after
{Heap after GC invocations=104 (full 4):
 garbage-first heap   total 342016K, used 140478K [0x0000000080000000, 0x0000000100000000)
  region size 1024K, 3 young (3072K), 3 survivors (3072K)
 Metaspace       used 179060K, committed 181056K, reserved 1245184K
  class space    used 23862K, committed 24832K, reserved 1048576K
}
Event: 18579.401 GC heap before
{Heap before GC invocations=105 (full 4):
 garbage-first heap   total 342016K, used 267454K [0x0000000080000000, 0x0000000100000000)
  region size 1024K, 116 young (118784K), 3 survivors (3072K)
 Metaspace       used 179113K, committed 181120K, reserved 1245184K
  class space    used 23863K, committed 24832K, reserved 1048576K
}
Event: 18579.413 GC heap after
{Heap after GC invocations=106 (full 4):
 garbage-first heap   total 342016K, used 165801K [0x0000000080000000, 0x0000000100000000)
  region size 1024K, 15 young (15360K), 15 survivors (15360K)
 Metaspace       used 179113K, committed 181120K, reserved 1245184K
  class space    used 23863K, committed 24832K, reserved 1048576K
}
Event: 18579.415 GC heap before
{Heap before GC invocations=106 (full 4):
 garbage-first heap   total 342016K, used 166825K [0x0000000080000000, 0x0000000100000000)
  region size 1024K, 16 young (16384K), 15 survivors (15360K)
 Metaspace       used 179113K, committed 181120K, reserved 1245184K
  class space    used 23863K, committed 24832K, reserved 1048576K
}
Event: 18579.421 GC heap after
{Heap after GC invocations=107 (full 4):
 garbage-first heap   total 342016K, used 161833K [0x0000000080000000, 0x0000000100000000)
  region size 1024K, 2 young (2048K), 2 survivors (2048K)
 Metaspace       used 179113K, committed 181120K, reserved 1245184K
  class space    used 23863K, committed 24832K, reserved 1048576K
}
Event: 18579.426 GC heap before
{Heap before GC invocations=107 (full 4):
 garbage-first heap   total 342016K, used 163881K [0x0000000080000000, 0x0000000100000000)
  region size 1024K, 5 young (5120K), 2 survivors (2048K)
 Metaspace       used 179113K, committed 181120K, reserved 1245184K
  class space    used 23863K, committed 24832K, reserved 1048576K
}
Event: 18579.429 GC heap after
{Heap after GC invocations=108 (full 4):
 garbage-first heap   total 342016K, used 163194K [0x0000000080000000, 0x0000000100000000)
  region size 1024K, 4 young (4096K), 4 survivors (4096K)
 Metaspace       used 179113K, committed 181120K, reserved 1245184K
  class space    used 23863K, committed 24832K, reserved 1048576K
}
Event: 18580.109 GC heap before
{Heap before GC invocations=109 (full 4):
 garbage-first heap   total 342016K, used 230778K [0x0000000080000000, 0x0000000100000000)
  region size 1024K, 59 young (60416K), 4 survivors (4096K)
 Metaspace       used 179161K, committed 181120K, reserved 1245184K
  class space    used 23872K, committed 24832K, reserved 1048576K
}
Event: 18580.115 GC heap after
{Heap after GC invocations=110 (full 4):
 garbage-first heap   total 342016K, used 164289K [0x0000000080000000, 0x0000000100000000)
  region size 1024K, 8 young (8192K), 8 survivors (8192K)
 Metaspace       used 179161K, committed 181120K, reserved 1245184K
  class space    used 23872K, committed 24832K, reserved 1048576K
}
Event: 18580.149 GC heap before
{Heap before GC invocations=110 (full 4):
 garbage-first heap   total 342016K, used 172481K [0x0000000080000000, 0x0000000100000000)
  region size 1024K, 16 young (16384K), 8 survivors (8192K)
 Metaspace       used 179161K, committed 181120K, reserved 1245184K
  class space    used 23872K, committed 24832K, reserved 1048576K
}
Event: 18580.152 GC heap after
{Heap after GC invocations=111 (full 4):
 garbage-first heap   total 342016K, used 154863K [0x0000000080000000, 0x0000000100000000)
  region size 1024K, 2 young (2048K), 2 survivors (2048K)
 Metaspace       used 179161K, committed 181120K, reserved 1245184K
  class space    used 23872K, committed 24832K, reserved 1048576K
}
Event: 18580.186 GC heap before
{Heap before GC invocations=111 (full 4):
 garbage-first heap   total 342016K, used 162031K [0x0000000080000000, 0x0000000100000000)
  region size 1024K, 11 young (11264K), 2 survivors (2048K)
 Metaspace       used 179175K, committed 181184K, reserved 1245184K
  class space    used 23875K, committed 24832K, reserved 1048576K
}
Event: 18580.189 GC heap after
{Heap after GC invocations=112 (full 4):
 garbage-first heap   total 342016K, used 154955K [0x0000000080000000, 0x0000000100000000)
  region size 1024K, 2 young (2048K), 2 survivors (2048K)
 Metaspace       used 179175K, committed 181184K, reserved 1245184K
  class space    used 23875K, committed 24832K, reserved 1048576K
}
Event: 18668.836 GC heap before
{Heap before GC invocations=113 (full 4):
 garbage-first heap   total 342016K, used 246091K [0x0000000080000000, 0x0000000100000000)
  region size 1024K, 78 young (79872K), 2 survivors (2048K)
 Metaspace       used 179322K, committed 181248K, reserved 1245184K
  class space    used 23880K, committed 24832K, reserved 1048576K
}
Event: 18668.841 GC heap after
{Heap after GC invocations=114 (full 4):
 garbage-first heap   total 342016K, used 162546K [0x0000000080000000, 0x0000000100000000)
  region size 1024K, 9 young (9216K), 9 survivors (9216K)
 Metaspace       used 179322K, committed 181248K, reserved 1245184K
  class space    used 23880K, committed 24832K, reserved 1048576K
}
Event: 18668.869 GC heap before
{Heap before GC invocations=114 (full 4):
 garbage-first heap   total 342016K, used 171762K [0x0000000080000000, 0x0000000100000000)
  region size 1024K, 16 young (16384K), 9 survivors (9216K)
 Metaspace       used 179322K, committed 181248K, reserved 1245184K
  class space    used 23880K, committed 24832K, reserved 1048576K
}
Event: 18668.875 GC heap after
{Heap after GC invocations=115 (full 4):
 garbage-first heap   total 342016K, used 141596K [0x0000000080000000, 0x0000000100000000)
  region size 1024K, 2 young (2048K), 2 survivors (2048K)
 Metaspace       used 179322K, committed 181248K, reserved 1245184K
  class space    used 23880K, committed 24832K, reserved 1048576K
}
Event: 18668.928 GC heap before
{Heap before GC invocations=115 (full 4):
 garbage-first heap   total 342016K, used 176412K [0x0000000080000000, 0x0000000100000000)
  region size 1024K, 37 young (37888K), 2 survivors (2048K)
 Metaspace       used 179322K, committed 181248K, reserved 1245184K
  class space    used 23880K, committed 24832K, reserved 1048576K
}

